c:\users\aaron\documents\github\adesin_shaders_finalproject\graphicspad\debug\tmp\vc141.pdb
c:\users\aaron\documents\github\adesin_shaders_finalproject\graphicspad\debug\tmp\vc141.idb
c:\users\aaron\documents\github\adesin_shaders_finalproject\graphicspad\debug\tmp\camera.obj
c:\users\aaron\documents\github\adesin_shaders_finalproject\graphicspad\debug\tmp\mainer.obj
c:\users\aaron\documents\github\adesin_shaders_finalproject\graphicspad\debug\tmp\objloader.obj
c:\users\aaron\documents\github\adesin_shaders_finalproject\graphicspad\debug\tmp\shapegenerator.obj
c:\users\aaron\documents\github\adesin_shaders_finalproject\graphicspad\debug\tmp\myglwindow.obj
c:\users\aaron\documents\github\adesin_shaders_finalproject\graphicspad\debug\graphicspad.lib
c:\users\aaron\documents\github\adesin_shaders_finalproject\graphicspad\debug\graphicspad.exp
c:\users\aaron\documents\github\adesin_shaders_finalproject\graphicspad\debug\graphicspad.exe
c:\users\aaron\documents\github\adesin_shaders_finalproject\graphicspad\debug\graphicspad.ilk
c:\users\aaron\documents\github\adesin_shaders_finalproject\graphicspad\debug\graphicspad.pdb
c:\users\aaron\documents\github\adesin_shaders_finalproject\graphicspad\debug\tmp\vc140.idb
c:\users\aaron\documents\github\adesin_shaders_finalproject\graphicspad\debug\tmp\vc140.pdb
c:\users\aaron\documents\github\adesin_shaders_finalproject\graphicspad\debug\tmp\graphicspad.tlog\cl.command.1.tlog
c:\users\aaron\documents\github\adesin_shaders_finalproject\graphicspad\debug\tmp\graphicspad.tlog\cl.read.1.tlog
c:\users\aaron\documents\github\adesin_shaders_finalproject\graphicspad\debug\tmp\graphicspad.tlog\cl.write.1.tlog
c:\users\aaron\documents\github\adesin_shaders_finalproject\graphicspad\debug\tmp\graphicspad.tlog\graphicspad.write.1u.tlog
c:\users\aaron\documents\github\adesin_shaders_finalproject\graphicspad\debug\tmp\graphicspad.tlog\link.command.1.tlog
c:\users\aaron\documents\github\adesin_shaders_finalproject\graphicspad\debug\tmp\graphicspad.tlog\link.delete.1.tlog
c:\users\aaron\documents\github\adesin_shaders_finalproject\graphicspad\debug\tmp\graphicspad.tlog\link.read.1.tlog
c:\users\aaron\documents\github\adesin_shaders_finalproject\graphicspad\debug\tmp\graphicspad.tlog\link.write.1.tlog
